<?xml version="1.0" encoding="UTF-8"?>
<!-- Generated by org.testng.reporters.JUnitXMLReporter -->
<testsuite ignored="0" hostname="DESKTOP-GB9EF87" failures="0" tests="4" name="API_Test" time="2.858" errors="0" timestamp="2024-01-18T02:19:36 TRT">
  <testcase classname="API_Test_Automation" name="Create" time="1.968"/>
  <testcase classname="API_Test_Automation" name="ListResource" time="0.699"/>
  <testcase classname="API_Test_Automation" name="ListUsers" time="0.06"/>
  <testcase classname="API_Test_Automation" name="SingleUser" time="0.077"/>
</testsuite> <!-- API_Test -->
