<?xml version="1.0" encoding="UTF-8"?>
<testng-results ignored="0" total="4" passed="4" failed="0" skipped="0">
  <reporter-output>
  </reporter-output>
  <suite started-at="2024-01-18T02:19:34 TRT" name="Default Suite" finished-at="2024-01-18T02:19:36 TRT" duration-ms="2858">
    <groups>
    </groups>
    <test started-at="2024-01-18T02:19:34 TRT" name="API_Test" finished-at="2024-01-18T02:19:36 TRT" duration-ms="2858">
      <class name="API_Test_Automation">
        <test-method signature="Create()[pri:0, instance:API_Test_Automation@1b083826]" started-at="2024-01-18T02:19:34 TRT" name="Create" finished-at="2024-01-18T02:19:36 TRT" duration-ms="1968" status="PASS">
          <reporter-output>
          </reporter-output>
        </test-method> <!-- Create -->
        <test-method signature="ListResource()[pri:0, instance:API_Test_Automation@1b083826]" started-at="2024-01-18T02:19:36 TRT" name="ListResource" finished-at="2024-01-18T02:19:36 TRT" duration-ms="699" status="PASS">
          <reporter-output>
          </reporter-output>
        </test-method> <!-- ListResource -->
        <test-method signature="ListUsers()[pri:0, instance:API_Test_Automation@1b083826]" started-at="2024-01-18T02:19:36 TRT" name="ListUsers" finished-at="2024-01-18T02:19:36 TRT" duration-ms="60" status="PASS">
          <reporter-output>
          </reporter-output>
        </test-method> <!-- ListUsers -->
        <test-method signature="SingleUser()[pri:0, instance:API_Test_Automation@1b083826]" started-at="2024-01-18T02:19:36 TRT" name="SingleUser" finished-at="2024-01-18T02:19:36 TRT" duration-ms="77" status="PASS">
          <reporter-output>
          </reporter-output>
        </test-method> <!-- SingleUser -->
      </class> <!-- API_Test_Automation -->
    </test> <!-- API_Test -->
  </suite> <!-- Default Suite -->
</testng-results>
